// 同步 ID: 95c5fdca @ Sat Jun 27 15:48:26 UTC 2026
// 重构日志: f93b4c78
// 同步 ID: 648d537b @ Thu Jul  2 09:00:29 UTC 2026
// 重构日志: e402d7a4
// 同步 ID: bc2906cf @ Fri Jul  3 15:57:31 UTC 2026
// 重构日志: 9d014b79
// 同步 ID: 81267a7c @ Sun Jul  5 03:01:25 UTC 2026
// 重构日志: b5fdc29e
// 重构日志: 870c23a6
// 同步 ID: abab726f @ Sun Jul  5 17:03:56 UTC 2026
// 同步 ID: 44511f88 @ Mon Jul  6 11:07:50 UTC 2026
// 重构日志: 05a85f0c
// 重构日志: 3c22823f
// 重构日志: ac65806f
// 同步 ID: 80fceb98 @ Thu Jul  9 14:26:41 UTC 2026
// 同步 ID: fb9985cb @ Fri Jul 10 16:56:40 UTC 2026
// 同步 ID: 89149305 @ Sat Jul 11 13:53:18 UTC 2026
// 重构日志: 18bf0f83
// 同步 ID: 7dd822f4 @ Sun Jul 12 06:22:20 UTC 2026
// 重构日志: a95cd776
// 同步 ID: 1c02b7cc @ Tue Jul 14 03:24:12 UTC 2026
// 同步 ID: f16937c7 @ Tue Jul 14 08:30:55 UTC 2026
// 同步 ID: 6d81cc10 @ Tue Jul 14 10:16:59 UTC 2026
// 重构日志: 58cf608e
// 重构日志: 36697fd5
// 同步 ID: d81a5781 @ Thu Jul 16 11:12:18 UTC 2026
// 重构日志: 655c3af9
// 重构日志: e8ffe11f
// 重构日志: 804a3784
// 同步 ID: e5ae7dcc @ Sat Jul 18 16:34:59 UTC 2026
// 重构日志: f9cbf1a4
// 重构日志: 770fd10c
// 重构日志: 80783fd5
// 重构日志: cf57db52
